Unknown configuration key throttle
vbam: could not connect to socket
vbam: No such file or directory
VBA-M (BBA) [SDL]
Searching for file vbam.cfg
Searching current directory: /home/zwaters3/Desktop/HW9/HW9 compressed
Searching home directory: /home/zwaters3/.vbam
Searching data directory: /usr/share/vbam
Searching system config directory: /etc
Reading configuration file.
Searching for file vba-over.ini
Searching current directory: /home/zwaters3/Desktop/HW9/HW9 compressed
Searching home directory: /home/zwaters3/.vbam
Searching data directory: /usr/share/vbam
Searching system config directory: /etc
vba-over.ini NOT FOUND (using emulator settings)
Trying patch TornEarth.ips
Trying patch TornEarth.ups
Trying patch TornEarth.ppf
Trying to start LIRC: Failed
Color depth: 32
Shutting down
11:49:53 08.04.2018: Wrote battery
